
ROM used:   117/8192 (1%)
            117/8192 (1%) including unused fragments

            0.2 Average locations per line
            14.6 Average locations per statement

RAM used:   22/368 (6%) at main() level
            24/368 (7%) worst case

Stack used: 1 worst case (1 in main + 0 for interrupts)
Stack size: 8

Lines Stmts  %   Files
----- ----- ---  -----
   49     8 100  7SEG.c
  671     0   0  ..\..\..\..\cc+\PICC\Devices\16F877a.h
----- -----
  720     8 Total

Page ROM  %  RAM   Vol Diff  Functions:
---- --- --- ---   --- ----  ----------
0     22  19    1             @delay_ms1
0     91  78    1   192  4.4  main
 Inline         0   149  1.8  @cinit1

Program metrics:
    Functions               2
    Statements              8
    Comments                143
    Volume (V)              418
    Difficulty (D)          6.0
    Effort to implement (E) 2517
    Time to implement (T)   2 minutes
    Est Delivered Bugs (B)  0
    Cyclomatic Complexity   1
    Maintainability (MI)    146

 Segment     Used  Free
-----------  ----  ----
00000-00003     4  0  
00004-007FF   113  1931  
00800-00FFF     0  2048  
01000-017FF     0  2048  
01800-01FFF     0  2048  



